<?xml version="1.0" encoding="UTF-8"?>
<!-- Generated by org.testng.reporters.JUnitReportReporter -->
<testsuite skipped="0" hostname="ASDP1534PO01976" name="Test.MainTest" tests="7" failures="0" timestamp="04 Jul 2018 12:27:17 GMT" time="5.453" errors="0">
  <testcase name="attempGridBoxPage" time="0.275" classname="Test.MainTest"/>
  <testcase name="attemptPopUpWindow" time="0.445" classname="Test.MainTest"/>
  <testcase name="EndPage" time="0.037" classname="Test.MainTest"/>
  <testcase name="attemptFrameAndDungeonPage" time="3.905" classname="Test.MainTest"/>
  <testcase name="attemptCookie" time="0.349" classname="Test.MainTest"/>
  <testcase name="attemptDragNdrop" time="0.326" classname="Test.MainTest"/>
  <testcase name="attempClickingBasicCourse" time="0.116" classname="Test.MainTest"/>
</testsuite> <!-- Test.MainTest -->
